<?xml version="1.0" encoding="UTF-8"?>
<testng-results skipped="0" failed="0" ignored="0" total="1" passed="1">
  <reporter-output>
  </reporter-output>
  <suite name="Default suite" duration-ms="19339" started-at="2023-09-13T14:32:21Z" finished-at="2023-09-13T14:32:40Z">
    <groups>
    </groups>
    <test name="Default test" duration-ms="19339" started-at="2023-09-13T14:32:21Z" finished-at="2023-09-13T14:32:40Z">
      <class name="a1_googleTest.A1_SampleGoogle">
        <test-method status="PASS" signature="loginGoogleTest()[pri:0, instance:a1_googleTest.A1_SampleGoogle@148080bb]" name="loginGoogleTest" duration-ms="19308" started-at="2023-09-13T20:02:21Z" finished-at="2023-09-13T20:02:40Z">
          <reporter-output>
          </reporter-output>
        </test-method> <!-- loginGoogleTest -->
      </class> <!-- a1_googleTest.A1_SampleGoogle -->
    </test> <!-- Default test -->
  </suite> <!-- Default suite -->
</testng-results>
